<?xml version="1.0" encoding="UTF-8"?>
<!-- Generated by org.testng.reporters.JUnitReportReporter -->
<testsuite hostname="Kanus-Laptop.local" failures="0" tests="1" name="tests.PutPatchDeleteExamples" time="3.229" errors="0" timestamp="2024-08-26T23:17:10 IST" skipped="0">
  <testcase classname="tests.PutPatchDeleteExamples" name="testPut" time="3.229"/>
</testsuite> <!-- tests.PutPatchDeleteExamples -->
