<?xml version="1.0" encoding="UTF-8"?>
<!-- Generated by org.testng.reporters.JUnitReportReporter -->
<testsuite hostname="Kanus-Laptop.local" failures="0" tests="2" name="tests.TestsExamples" time="3.436" errors="0" timestamp="2024-08-26T22:47:33 IST" skipped="0">
  <testcase classname="tests.TestsExamples" name="test_2" time="1.196"/>
  <testcase classname="tests.TestsExamples" name="test_1" time="2.240"/>
</testsuite> <!-- tests.TestsExamples -->
