<?xml version="1.0" encoding="UTF-8"?>
<!-- Generated by org.testng.reporters.JUnitReportReporter -->
<testsuite hostname="Kanus-Laptop.local" failures="0" tests="1" name="tests.PostRequest" time="2.872" errors="0" timestamp="2024-08-26T23:09:16 IST" skipped="0">
  <testcase classname="tests.PostRequest" name="postTest_1" time="2.872"/>
</testsuite> <!-- tests.PostRequest -->
